d:\facultate\sem ii\programare orientata obiect\laboratoare\teme\homework_2\bakery_dinamic\bakery_dinamic\x64\debug\vc143.pdb
d:\facultate\sem ii\programare orientata obiect\laboratoare\teme\homework_2\bakery_dinamic\bakery_dinamic\x64\debug\vc143.idb
d:\facultate\sem ii\programare orientata obiect\laboratoare\teme\homework_2\bakery_dinamic\bakery_dinamic\x64\debug\ui.obj
d:\facultate\sem ii\programare orientata obiect\laboratoare\teme\homework_2\bakery_dinamic\bakery_dinamic\x64\debug\services.obj
d:\facultate\sem ii\programare orientata obiect\laboratoare\teme\homework_2\bakery_dinamic\bakery_dinamic\x64\debug\repository.obj
d:\facultate\sem ii\programare orientata obiect\laboratoare\teme\homework_2\bakery_dinamic\bakery_dinamic\x64\debug\material.obj
d:\facultate\sem ii\programare orientata obiect\laboratoare\teme\homework_2\bakery_dinamic\bakery_dinamic\x64\debug\starter.obj
d:\facultate\sem ii\programare orientata obiect\laboratoare\teme\homework_2\bakery_dinamic\bakery_dinamic\x64\debug\tests.obj
d:\facultate\sem ii\programare orientata obiect\laboratoare\teme\homework_2\bakery_dinamic\bakery_dinamic\x64\debug\bakery_dinamic.ilk
d:\facultate\sem ii\programare orientata obiect\laboratoare\teme\homework_2\bakery_dinamic\bakery_dinamic\x64\debug\dynamic_array.obj
d:\facultate\sem ii\programare orientata obiect\laboratoare\teme\homework_2\bakery_dinamic\bakery_dinamic\x64\debug\functions.obj
d:\facultate\sem ii\programare orientata obiect\laboratoare\teme\homework_2\bakery_dinamic\bakery_dinamic\x64\debug\service.obj
d:\facultate\sem ii\programare orientata obiect\laboratoare\teme\homework_2\bakery_dinamic\bakery_dinamic\x64\debug\struct.obj
d:\facultate\sem ii\programare orientata obiect\laboratoare\teme\homework_2\bakery_dinamic\bakery_dinamic\x64\debug\structures.obj
d:\facultate\sem ii\programare orientata obiect\laboratoare\teme\homework_2\bakery_dinamic\bakery_dinamic\x64\debug\undo_redo.obj
d:\facultate\sem ii\programare orientata obiect\laboratoare\teme\homework_2\bakery_dinamic\bakery_dinamic\x64\debug\user_interface.obj
d:\facultate\sem ii\programare orientata obiect\laboratoare\teme\homework_2\bakery_dinamic\bakery_dinamic\x64\debug\material.obj.enc
d:\facultate\sem ii\programare orientata obiect\laboratoare\teme\homework_2\bakery_dinamic\x64\debug\bakery_dinamic.pdb
d:\facultate\sem ii\programare orientata obiect\laboratoare\teme\homework_2\bakery_dinamic\x64\debug\bakery_dinamic.ilk
d:\facultate\sem ii\programare orientata obiect\laboratoare\teme\homework_2\bakery_dinamic\bakery_dinamic\x64\debug\bakery_dinamic.tlog\cl.command.1.tlog
d:\facultate\sem ii\programare orientata obiect\laboratoare\teme\homework_2\bakery_dinamic\bakery_dinamic\x64\debug\bakery_dinamic.tlog\cl.items.tlog
d:\facultate\sem ii\programare orientata obiect\laboratoare\teme\homework_2\bakery_dinamic\bakery_dinamic\x64\debug\bakery_dinamic.tlog\cl.read.1.tlog
d:\facultate\sem ii\programare orientata obiect\laboratoare\teme\homework_2\bakery_dinamic\bakery_dinamic\x64\debug\bakery_dinamic.tlog\cl.write.1.tlog
d:\facultate\sem ii\programare orientata obiect\laboratoare\teme\homework_2\bakery_dinamic\bakery_dinamic\x64\debug\bakery_dinamic.tlog\link-cvtres.read.1.tlog
d:\facultate\sem ii\programare orientata obiect\laboratoare\teme\homework_2\bakery_dinamic\bakery_dinamic\x64\debug\bakery_dinamic.tlog\link-cvtres.write.1.tlog
d:\facultate\sem ii\programare orientata obiect\laboratoare\teme\homework_2\bakery_dinamic\bakery_dinamic\x64\debug\bakery_dinamic.tlog\link-rc.read.1.tlog
d:\facultate\sem ii\programare orientata obiect\laboratoare\teme\homework_2\bakery_dinamic\bakery_dinamic\x64\debug\bakery_dinamic.tlog\link-rc.write.1.tlog
d:\facultate\sem ii\programare orientata obiect\laboratoare\teme\homework_2\bakery_dinamic\bakery_dinamic\x64\debug\bakery_dinamic.tlog\link.29888-cvtres.read.1.tlog
d:\facultate\sem ii\programare orientata obiect\laboratoare\teme\homework_2\bakery_dinamic\bakery_dinamic\x64\debug\bakery_dinamic.tlog\link.29888-cvtres.write.1.tlog
d:\facultate\sem ii\programare orientata obiect\laboratoare\teme\homework_2\bakery_dinamic\bakery_dinamic\x64\debug\bakery_dinamic.tlog\link.29888-rc.read.1.tlog
d:\facultate\sem ii\programare orientata obiect\laboratoare\teme\homework_2\bakery_dinamic\bakery_dinamic\x64\debug\bakery_dinamic.tlog\link.29888-rc.write.1.tlog
d:\facultate\sem ii\programare orientata obiect\laboratoare\teme\homework_2\bakery_dinamic\bakery_dinamic\x64\debug\bakery_dinamic.tlog\link.29888.read.1.tlog
d:\facultate\sem ii\programare orientata obiect\laboratoare\teme\homework_2\bakery_dinamic\bakery_dinamic\x64\debug\bakery_dinamic.tlog\link.29888.read.2.tlog
d:\facultate\sem ii\programare orientata obiect\laboratoare\teme\homework_2\bakery_dinamic\bakery_dinamic\x64\debug\bakery_dinamic.tlog\link.29888.write.1.tlog
d:\facultate\sem ii\programare orientata obiect\laboratoare\teme\homework_2\bakery_dinamic\bakery_dinamic\x64\debug\bakery_dinamic.tlog\link.command.1.tlog
d:\facultate\sem ii\programare orientata obiect\laboratoare\teme\homework_2\bakery_dinamic\bakery_dinamic\x64\debug\bakery_dinamic.tlog\link.read.1.tlog
d:\facultate\sem ii\programare orientata obiect\laboratoare\teme\homework_2\bakery_dinamic\bakery_dinamic\x64\debug\bakery_dinamic.tlog\link.read.2.tlog
d:\facultate\sem ii\programare orientata obiect\laboratoare\teme\homework_2\bakery_dinamic\bakery_dinamic\x64\debug\bakery_dinamic.tlog\link.secondary.1.tlog
d:\facultate\sem ii\programare orientata obiect\laboratoare\teme\homework_2\bakery_dinamic\bakery_dinamic\x64\debug\bakery_dinamic.tlog\link.write.1.tlog
