d:\facultate\sem ii\programare orientata obiect\laboratoare\teme\homework_3\life_after_school\life_aft.c5daa935\x64\debug\vc143.pdb
d:\facultate\sem ii\programare orientata obiect\laboratoare\teme\homework_3\life_after_school\life_aft.c5daa935\x64\debug\vc143.idb
d:\facultate\sem ii\programare orientata obiect\laboratoare\teme\homework_3\life_after_school\life_aft.c5daa935\x64\debug\ui.obj
d:\facultate\sem ii\programare orientata obiect\laboratoare\teme\homework_3\life_after_school\life_aft.c5daa935\x64\debug\tests.obj
d:\facultate\sem ii\programare orientata obiect\laboratoare\teme\homework_3\life_after_school\life_aft.c5daa935\x64\debug\starter.obj
d:\facultate\sem ii\programare orientata obiect\laboratoare\teme\homework_3\life_after_school\life_aft.c5daa935\x64\debug\services.obj
d:\facultate\sem ii\programare orientata obiect\laboratoare\teme\homework_3\life_after_school\life_aft.c5daa935\x64\debug\repo.obj
d:\facultate\sem ii\programare orientata obiect\laboratoare\teme\homework_3\life_after_school\life_aft.c5daa935\x64\debug\event.obj
d:\facultate\sem ii\programare orientata obiect\laboratoare\teme\homework_3\life_after_school\life_aft.c5daa935\x64\debug\test.obj
d:\facultate\sem ii\programare orientata obiect\laboratoare\teme\homework_3\life_after_school\x64\debug\life_after_school.exe
d:\facultate\sem ii\programare orientata obiect\laboratoare\teme\homework_3\life_after_school\x64\debug\life_after_school.pdb
d:\facultate\sem ii\programare orientata obiect\laboratoare\teme\homework_3\life_after_school\life_aft.c5daa935\x64\debug\life_after_school.ilk
d:\facultate\sem ii\programare orientata obiect\laboratoare\teme\homework_3\life_after_school\life_aft.c5daa935\x64\debug\life_aft.c5daa935.tlog\cl.command.1.tlog
d:\facultate\sem ii\programare orientata obiect\laboratoare\teme\homework_3\life_after_school\life_aft.c5daa935\x64\debug\life_aft.c5daa935.tlog\cl.items.tlog
d:\facultate\sem ii\programare orientata obiect\laboratoare\teme\homework_3\life_after_school\life_aft.c5daa935\x64\debug\life_aft.c5daa935.tlog\cl.read.1.tlog
d:\facultate\sem ii\programare orientata obiect\laboratoare\teme\homework_3\life_after_school\life_aft.c5daa935\x64\debug\life_aft.c5daa935.tlog\cl.write.1.tlog
d:\facultate\sem ii\programare orientata obiect\laboratoare\teme\homework_3\life_after_school\life_aft.c5daa935\x64\debug\life_aft.c5daa935.tlog\link.command.1.tlog
d:\facultate\sem ii\programare orientata obiect\laboratoare\teme\homework_3\life_after_school\life_aft.c5daa935\x64\debug\life_aft.c5daa935.tlog\link.read.1.tlog
d:\facultate\sem ii\programare orientata obiect\laboratoare\teme\homework_3\life_after_school\life_aft.c5daa935\x64\debug\life_aft.c5daa935.tlog\link.secondary.1.tlog
d:\facultate\sem ii\programare orientata obiect\laboratoare\teme\homework_3\life_after_school\life_aft.c5daa935\x64\debug\life_aft.c5daa935.tlog\link.write.1.tlog
